<?xml version="1.0" encoding="UTF-8"?>
<!-- Generated by org.testng.reporters.JUnitXMLReporter -->
<testsuite ignored="0" hostname="DESKTOP-1CCS179" failures="0" tests="2" name="Default test" time="26.305" errors="0" timestamp="2024-03-23T09:08:07 IST">
  <testcase classname="com.opencart.testlayer.LoginTest" name="verifyLoginTestWithInValidDetails" time="1.306"/>
  <testcase classname="com.opencart.testlayer.LoginTest" name="verifyLoginTestWithValidDetails" time="1.53"/>
</testsuite> <!-- Default test -->
